<?xml version="1.0" encoding="UTF-8"?>
<!-- Generated by org.testng.reporters.JUnitXMLReporter -->
<testsuite ignored="0" hostname="LAPTOP-4V9B7M9M" failures="6" tests="14" name="Create_account" time="269.523" errors="0" timestamp="2021-04-30T18:23:40 IST">
  <testcase classname="Scripts.New_Account" name="create_account" time="26.924"/>
  <testcase classname="Scripts.New_Account" name="create_account" time="19.181"/>
  <testcase classname="Scripts.New_Account" name="create_account" time="22.955"/>
  <testcase classname="Scripts.New_Account" name="create_account" time="10.841">
    <failure type="java.lang.AssertionError" message="expected [IMDb Registration] but found [Authentication required]">
      <![CDATA[java.lang.AssertionError: expected [IMDb Registration] but found [Authentication required]
at Scripts.New_Account.create_account(New_Account.java:60)
at java.base/java.util.ArrayList.forEach(ArrayList.java:1510)
... Removed 33 stack frames]]>
    </failure>
  </testcase> <!-- create_account -->
  <testcase classname="Scripts.New_Account" name="create_account" time="18.307"/>
  <testcase classname="Scripts.New_Account" name="create_account" time="9.906">
    <failure type="java.lang.AssertionError" message="expected [IMDb Registration] but found [Authentication required]">
      <![CDATA[java.lang.AssertionError: expected [IMDb Registration] but found [Authentication required]
at Scripts.New_Account.create_account(New_Account.java:60)
at java.base/java.util.ArrayList.forEach(ArrayList.java:1510)
... Removed 33 stack frames]]>
    </failure>
  </testcase> <!-- create_account -->
  <testcase classname="Scripts.New_Account" name="create_account" time="10.613">
    <failure type="java.lang.AssertionError" message="expected [IMDb Registration] but found [Authentication required]">
      <![CDATA[java.lang.AssertionError: expected [IMDb Registration] but found [Authentication required]
at Scripts.New_Account.create_account(New_Account.java:60)
at java.base/java.util.ArrayList.forEach(ArrayList.java:1510)
... Removed 33 stack frames]]>
    </failure>
  </testcase> <!-- create_account -->
  <testcase classname="Scripts.New_Account" name="create_account" time="19.305"/>
  <testcase classname="Scripts.New_Account" name="create_account" time="18.78"/>
  <testcase classname="Scripts.New_Account" name="create_account" time="18.08"/>
  <testcase classname="Scripts.New_Account" name="create_account" time="18.222"/>
  <testcase classname="Scripts.New_Account" name="create_account" time="12.375">
    <failure type="java.lang.AssertionError" message="expected [IMDb Registration] but found [Authentication required]">
      <![CDATA[java.lang.AssertionError: expected [IMDb Registration] but found [Authentication required]
at Scripts.New_Account.create_account(New_Account.java:60)
at java.base/java.util.ArrayList.forEach(ArrayList.java:1510)
... Removed 33 stack frames]]>
    </failure>
  </testcase> <!-- create_account -->
  <testcase classname="Scripts.New_Account" name="create_account" time="11.129">
    <failure type="java.lang.AssertionError" message="expected [IMDb Registration] but found [Authentication required]">
      <![CDATA[java.lang.AssertionError: expected [IMDb Registration] but found [Authentication required]
at Scripts.New_Account.create_account(New_Account.java:60)
at java.base/java.util.ArrayList.forEach(ArrayList.java:1510)
... Removed 33 stack frames]]>
    </failure>
  </testcase> <!-- create_account -->
  <testcase classname="Scripts.New_Account" name="create_account" time="14.473">
    <failure type="java.lang.AssertionError" message="expected [IMDb Registration] but found [Authentication required]">
      <![CDATA[java.lang.AssertionError: expected [IMDb Registration] but found [Authentication required]
at Scripts.New_Account.create_account(New_Account.java:60)
at java.base/java.util.ArrayList.forEach(ArrayList.java:1510)
... Removed 33 stack frames]]>
    </failure>
  </testcase> <!-- create_account -->
</testsuite> <!-- Create_account -->
