<?xml version="1.0" encoding="UTF-8"?>
<!-- Generated by org.testng.reporters.JUnitXMLReporter -->
<testsuite ignored="0" hostname="LAPTOP-4V9B7M9M" failures="1" tests="1" name="Sign_in" time="138.155" errors="0" timestamp="2021-04-30T18:18:33 IST">
  <testcase classname="Scripts.Sign_Validation" name="Sign_in" time="45.314">
    <failure type="java.lang.AssertionError" message="expected [IMDb: Ratings, Reviews, and Where to Watch the Best Movies &amp;amp; TV Shows] but found [IMDb Sign-In]">
      <![CDATA[java.lang.AssertionError: expected [IMDb: Ratings, Reviews, and Where to Watch the Best Movies & TV Shows] but found [IMDb Sign-In]
at Scripts.Sign_Validation.Sign_in(Sign_Validation.java:38)
at java.base/java.util.ArrayList.forEach(ArrayList.java:1510)
... Removed 33 stack frames]]>
    </failure>
  </testcase> <!-- Sign_in -->
</testsuite> <!-- Sign_in -->
